[05/05/2021 18:40:37][admin][INICIO DE SESIÓN: SELECT * FROM usuarios WHERE nombreUsuario = 'admin' AND contraseniaUsuario = SHA2('**********',256);]
[05/05/2021 18:40:37][admin][SELECT * FROM clientes]
[05/05/2021 19:05:03][super][SELECT * FROM clientes]
[05/05/2021 19:05:09][super][SELECT * FROM clientes]
[05/05/2021 19:05:13][super][SELECT * FROM clientes]
[05/05/2021 19:05:32][super][SELECT * FROM empleados]
[05/05/2021 19:06:13][super][SELECT * FROM clientes]
[05/05/2021 19:07:37][super][SELECT * FROM clientes]
[05/05/2021 19:07:43][super][SELECT * FROM empleados]
[05/05/2021 19:07:49][super][SELECT * FROM seguros_voluntarios]
[05/05/2021 19:13:15][super][SELECT * FROM seguros_voluntarios]
[05/05/2021 19:13:19][super][SELECT * FROM seguros_obligatorios]
[05/05/2021 19:27:57][super][SELECT * FROM clientes]
[05/05/2021 19:28:01][super][SELECT * FROM seguros_obligatorios]
[05/05/2021 19:46:31][super][SELECT * FROM clientes]
[05/05/2021 19:46:40][super][SELECT * FROM clientes]
[05/05/2021 19:46:46][super][SELECT * FROM empleados]
[05/05/2021 19:47:37][super][SELECT * FROM clientes]
[05/05/2021 20:09:37][super][SELECT * FROM clientes]
[05/05/2021 20:09:46][super][SELECT * FROM clientes]
[05/05/2021 20:09:48][super][SELECT * FROM empleados]
[05/05/2021 20:10:16][root][UPDATE empleados SET sueldoEmpleado = '9999' WHERE idEmpleado = 1;]
[05/05/2021 20:10:20][super][SELECT * FROM empleados]
[05/05/2021 20:18:22][super][SELECT * FROM clientes]
[05/05/2021 20:18:32][super][SELECT * FROM empleados]
[05/05/2021 20:19:38][root][SELECT     a.idSeguroObligatorio,     a.requerimientoSeguroObligatorio,     b.nombreCliente,     c.nombreEmpleado,     d.cubrimientosSeguro FROM     seguros_obligatorios AS a         JOIN     clientes AS b         JOIN     empleados AS c         JOIN     seguros AS d ON a.idClienteFK = b.idCliente         AND a.idEmpleadoFK = c.idEmpleado         AND a.idSeguroFK = d.idSeguro ORDER BY a.idSeguroObligatorio;]
[05/05/2021 20:20:23][super][SELECT * FROM seguros_voluntarios]
[05/05/2021 20:20:35][super][SELECT * FROM seguros_obligatorios]
[05/05/2021 20:20:41][super][SELECT * FROM seguros_obligatorios]
[05/05/2021 20:20:42][super][SELECT * FROM seguros_obligatorios]
[05/05/2021 20:20:43][super][SELECT * FROM seguros_obligatorios]
[05/05/2021 20:20:44][super][SELECT * FROM seguros_obligatorios]
[05/05/2021 20:20:45][super][SELECT * FROM seguros_obligatorios]
[05/05/2021 20:20:46][super][SELECT * FROM seguros_obligatorios]
[05/05/2021 20:20:47][super][SELECT * FROM seguros_obligatorios]
[05/05/2021 20:20:48][super][SELECT * FROM seguros_obligatorios]
[05/05/2021 20:22:11][root][SELECT     a.idSeguroObligatorio,     a.requerimientoSeguroObligatorio,     b.nombreCliente,     c.nombreEmpleado,     d.cubrimientosSeguro FROM     seguros_obligatorios AS a         JOIN     clientes AS b         JOIN     empleados AS c         JOIN     seguros AS d ON a.idClienteFK = b.idCliente         AND a.idEmpleadoFK = c.idEmpleado         AND a.idSeguroFK = d.idSeguro ORDER BY a.idSeguroObligatorio;]
[05/05/2021 20:22:28][super][SELECT * FROM clientes]
[05/05/2021 20:22:41][super][SELECT * FROM empleados]
[05/05/2021 20:24:07][super][SELECT * FROM clientes]
[05/05/2021 20:24:14][super][SELECT * FROM empleados]
[05/05/2021 20:24:20][super][SELECT * FROM empleados WHERE idEmpleado = 1]
[05/05/2021 20:24:33][super][SELECT * FROM empleados WHERE idEmpleado = 6]
[05/05/2021 20:24:53][super][SELECT * FROM clientes]
[05/05/2021 20:24:59][root][SELECT * FROM clientes]
[05/05/2021 20:25:06][super][SELECT * FROM empleados]
[05/05/2021 20:25:07][root][SELECT     a.idEmpleado,     a.nombreEmpleado,     a.apellido1Empleado,     a.apellido2Empleado,     a.dniEmpleado,     a.tlfEmpleado,     a.mailEmpleado,     a.domicilioEmpleado,     concat(a.sueldoEmpleado, '€'),     b.nombreEmpleado  FROM     empleados AS a         JOIN     empleados AS b ON a.idJefeFK = b.idEmpleado ORDER BY a.idEmpleado;]
[05/05/2021 20:28:31][super][SELECT][SELECT * FROM clientes]
[05/05/2021 20:28:39][super][SELECT][SELECT * FROM seguros_obligatorios]
[05/05/2021 20:28:41][root][PDF][SELECT     a.idSeguroObligatorio,     a.requerimientoSeguroObligatorio,     b.nombreCliente,     c.nombreEmpleado,     d.cubrimientosSeguro FROM     seguros_obligatorios AS a         JOIN     clientes AS b         JOIN     empleados AS c         JOIN     seguros AS d ON a.idClienteFK = b.idCliente         AND a.idEmpleadoFK = c.idEmpleado         AND a.idSeguroFK = d.idSeguro ORDER BY a.idSeguroObligatorio;]
[05/05/2021 20:29:03][super][FOREIGN KEY][SELECT * FROM clientes WHERE idCliente = 1]
[05/05/2021 20:29:09][root][MODIFICACIÓN][UPDATE seguros_obligatorios SET requerimientoSeguroObligatorio = 'tener título de KaidenN' WHERE idSeguroObligatorio = 4;]
[05/05/2021 20:29:27][super][SELECT][SELECT * FROM clientes]
[05/05/2021 20:29:40][admin][LOG IN][INICIO DE SESIÓN: SELECT * FROM usuarios WHERE nombreUsuario = 'admin' AND contraseniaUsuario = SHA2('**********',256);]
[05/05/2021 20:29:40][admin][SELECT][SELECT * FROM clientes]
[05/05/2021 20:30:48][admin][LOG IN][INICIO DE SESIÓN: SELECT * FROM usuarios WHERE nombreUsuario = 'admin' AND contraseniaUsuario = SHA2('**********',256);]
[05/05/2021 20:30:48][admin][SELECT][SELECT * FROM clientes]
[05/05/2021 20:30:57][root][ALTA][INSERT INTO clientes VALUES(NULL, 'Candelaaa', 'Amor', 'Martin', '30254931Q', 623535742, 'candelaAmorMartin@gmail.com', 'Calle Álvaro Mutís ático Nº1');]
[05/05/2021 20:31:11][super][SELECT][SELECT * FROM clientes]
[05/05/2021 20:31:14][super][SELECT][SELECT * FROM empleados]
[05/05/2021 20:32:14][super][SELECT][SELECT * FROM clientes]
[05/05/2021 20:32:31][root][ALTA][INSERT INTO clientes VALUES(NULL, 'Candelaaa', 'Amora', 'Martina', '30253431Q', 623535744, 'candelaAmoraMartin@gmail.com', 'Calle Álvaro Muatís ático Nº1');]
[05/05/2021 20:32:47][super][SELECT][SELECT * FROM clientes WHERE nombreCliente LIKE '%Candela%']
[05/05/2021 20:32:51][root][BAJA][DELETE FROM clientes WHERE idCliente = 413;]
[05/05/2021 20:33:12][root][MODIFICACIÓN][UPDATE clientes SET nombreCliente = 'Candelaa' WHERE idCliente = 412;]
[05/05/2021 20:33:16][super][SELECT][SELECT * FROM clientes WHERE nombreCliente LIKE '%Candela%']
[06/05/2021 08:20:45][super][SELECT][SELECT * FROM clientes]
[06/05/2021 08:20:51][super][SELECT][SELECT * FROM clientes  ORDER BY dniCliente ASC]
[06/05/2021 08:20:52][super][SELECT][SELECT * FROM clientes  ORDER BY dniCliente DESC]
[06/05/2021 08:21:03][super][SELECT][SELECT * FROM empleados]
[06/05/2021 08:21:21][super][SELECT][SELECT * FROM clientes]
[06/05/2021 08:21:33][super][SELECT][SELECT * FROM clientes WHERE nombreCliente NOT LIKE 'Candela']
[06/05/2021 08:22:05][super][SELECT][SELECT * FROM clientes]
[06/05/2021 08:22:07][super][SELECT][SELECT * FROM clientes]
[06/05/2021 08:22:23][root][MODIFICACIÓN][UPDATE clientes SET domicilioCliente = 'nose' WHERE idCliente = 5;]
[06/05/2021 08:22:31][super][SELECT][SELECT * FROM seguros_voluntarios]
[06/05/2021 08:22:33][super][FOREIGN KEY][SELECT * FROM seguros WHERE idSeguro = 3]
[06/05/2021 10:47:03][super][SELECT][SELECT * FROM clientes]
[06/05/2021 10:47:10][super][SELECT][SELECT * FROM empleados]
[06/05/2021 10:47:11][root][PDF][SELECT     a.idEmpleado,     a.nombreEmpleado,     a.apellido1Empleado,     a.apellido2Empleado,     a.dniEmpleado,     a.tlfEmpleado,     a.mailEmpleado,     a.domicilioEmpleado,     concat(a.sueldoEmpleado, '€'),     b.nombreEmpleado  FROM     empleados AS a         JOIN     empleados AS b ON a.idJefeFK = b.idEmpleado ORDER BY a.idEmpleado;]
[06/05/2021 10:47:23][super][SELECT][SELECT * FROM seguros_obligatorios]
[06/05/2021 10:47:29][super][FOREIGN KEY][SELECT * FROM empleados WHERE idEmpleado = 4]
[06/05/2021 10:47:32][root][PDF][SELECT     a.idSeguroObligatorio,     a.requerimientoSeguroObligatorio,     b.nombreCliente,     c.nombreEmpleado,     d.cubrimientosSeguro FROM     seguros_obligatorios AS a         JOIN     clientes AS b         JOIN     empleados AS c         JOIN     seguros AS d ON a.idClienteFK = b.idCliente         AND a.idEmpleadoFK = c.idEmpleado         AND a.idSeguroFK = d.idSeguro ORDER BY a.idSeguroObligatorio;]
[06/05/2021 10:47:42][super][SELECT][SELECT * FROM seguros_obligatorios  ORDER BY idSeguroFK ASC]
[06/05/2021 10:47:43][super][SELECT][SELECT * FROM seguros_obligatorios  ORDER BY idSeguroFK DESC]
[06/05/2021 10:47:44][super][SELECT][SELECT * FROM seguros_obligatorios  ORDER BY idEmpleadoFK ASC]
[06/05/2021 10:47:48][super][SELECT][SELECT * FROM seguros_obligatorios  ORDER BY idClienteFK DESC]
[06/05/2021 11:47:05][super][SELECT][SELECT * FROM clientes]
[06/05/2021 11:47:24][super][SELECT][SELECT * FROM clientes]
[06/05/2021 11:47:26][super][SELECT][SELECT * FROM clientes]
[06/05/2021 11:47:34][super][SELECT][SELECT * FROM clientes]
[06/05/2021 12:15:17][super][SELECT][SELECT * FROM clientes]
[06/05/2021 12:15:20][super][SELECT][SELECT * FROM empleados]
[06/05/2021 12:15:22][root][PDF][SELECT     a.idEmpleado,     a.nombreEmpleado,     a.apellido1Empleado,     a.apellido2Empleado,     a.dniEmpleado,     a.tlfEmpleado,     a.mailEmpleado,     a.domicilioEmpleado,     concat(a.sueldoEmpleado, '€'),     b.nombreEmpleado  FROM     empleados AS a         JOIN     empleados AS b ON a.idJefeFK = b.idEmpleado ORDER BY a.idEmpleado;]
[06/05/2021 12:16:10][root][PDF][SELECT     a.idSeguroObligatorio,     a.requerimientoSeguroObligatorio,     b.nombreCliente,     c.nombreEmpleado,     d.cubrimientosSeguro FROM     seguros_obligatorios AS a         JOIN     clientes AS b         JOIN     empleados AS c         JOIN     seguros AS d ON a.idClienteFK = b.idCliente         AND a.idEmpleadoFK = c.idEmpleado         AND a.idSeguroFK = d.idSeguro ORDER BY a.idSeguroObligatorio;]
[06/05/2021 12:16:20][root][PDF][SELECT     a.idSeguroObligatorio,     a.requerimientoSeguroObligatorio,     b.nombreCliente,     c.nombreEmpleado,     d.cubrimientosSeguro FROM     seguros_obligatorios AS a         JOIN     clientes AS b         JOIN     empleados AS c         JOIN     seguros AS d ON a.idClienteFK = b.idCliente         AND a.idEmpleadoFK = c.idEmpleado         AND a.idSeguroFK = d.idSeguro ORDER BY a.idSeguroObligatorio;]
[06/05/2021 12:16:25][super][SELECT][SELECT * FROM clientes]
[06/05/2021 12:16:28][super][SELECT][SELECT * FROM empleados]
[06/05/2021 12:16:29][root][PDF][SELECT     a.idEmpleado,     a.nombreEmpleado,     a.apellido1Empleado,     a.apellido2Empleado,     a.dniEmpleado,     a.tlfEmpleado,     a.mailEmpleado,     a.domicilioEmpleado,     concat(a.sueldoEmpleado, '€'),     b.nombreEmpleado  FROM     empleados AS a         LEFT JOIN     empleados AS b ON a.idJefeFK = b.idEmpleado ORDER BY a.idEmpleado;]
[06/05/2021 12:17:39][super][SELECT][SELECT * FROM clientes]
[11/05/2021 20:32:46][super][SELECT][SELECT * FROM clientes]
[11/05/2021 20:32:53][root][PDF][SELECT * FROM clientes]
[11/05/2021 20:45:04][root][PDF][SELECT     a.idSeguroObligatorio,     a.requerimientoSeguroObligatorio,     b.nombreCliente,     c.nombreEmpleado,     d.cubrimientosSeguro FROM     seguros_obligatorios AS a         JOIN     clientes AS b         JOIN     empleados AS c         JOIN     seguros AS d ON a.idClienteFK = b.idCliente         AND a.idEmpleadoFK = c.idEmpleado         AND a.idSeguroFK = d.idSeguro ORDER BY a.idSeguroObligatorio;]
